[0m13:07:09.135752 [debug] [MainThread]: Sending event: {'category': 'dbt', 'action': 'invocation', 'label': 'start', 'context': [<snowplow_tracker.self_describing_json.SelfDescribingJson object at 0x104cd7a90>, <snowplow_tracker.self_describing_json.SelfDescribingJson object at 0x1049b3c90>, <snowplow_tracker.self_describing_json.SelfDescribingJson object at 0x104cefbd0>]}


============================== 13:07:09.138073 | c847a933-2d4c-4e16-b6f7-4c420927be00 ==============================
[0m13:07:09.138073 [info ] [MainThread]: Running with dbt=1.9.2
[0m13:07:09.138418 [debug] [MainThread]: running dbt with arguments {'printer_width': '80', 'indirect_selection': 'eager', 'log_cache_events': 'False', 'write_json': 'True', 'partial_parse': 'True', 'cache_selected_only': 'False', 'profiles_dir': '/Users/sahilkasliwal/.dbt', 'version_check': 'True', 'fail_fast': 'False', 'log_path': 'logs', 'debug': 'False', 'warn_error': 'None', 'use_colors': 'True', 'use_experimental_parser': 'False', 'empty': 'None', 'quiet': 'False', 'no_print': 'None', 'warn_error_options': 'WarnErrorOptions(include=[], exclude=[])', 'static_parser': 'True', 'invocation_command': 'dbt init sec_finance_project', 'log_format': 'default', 'target_path': 'None', 'introspect': 'True', 'send_anonymous_usage_stats': 'True'}
[0m13:07:09.145944 [debug] [MainThread]: Starter project path: /Users/sahilkasliwal/Library/Python/3.11/lib/python/site-packages/dbt/include/starter_project
[0m13:07:09.149454 [info ] [MainThread]: 
Your new dbt project "sec_finance_project" was created!

For more information on how to configure the profiles.yml file,
please consult the dbt documentation here:

  https://docs.getdbt.com/docs/configure-your-profile

One more thing:

Need help? Don't hesitate to reach out to us via GitHub issues or on Slack:

  https://community.getdbt.com/

Happy modeling!

[0m13:07:09.149608 [info ] [MainThread]: Setting up your profile.
[0m13:09:48.571417 [info ] [MainThread]: Profile sec_finance_project written to /Users/sahilkasliwal/.dbt/profiles.yml using target's profile_template.yml and your supplied values. Run 'dbt debug' to validate the connection.
[0m13:09:48.579369 [debug] [MainThread]: Resource report: {"command_name": "init", "command_success": true, "command_wall_clock_time": 159.4715, "process_in_blocks": "0", "process_kernel_time": 0.156357, "process_mem_max_rss": "131121152", "process_out_blocks": "0", "process_user_time": 0.588431}
[0m13:09:48.580764 [debug] [MainThread]: Command `dbt init` succeeded at 13:09:48.580513 after 159.47 seconds
[0m13:09:48.582004 [debug] [MainThread]: Sending event: {'category': 'dbt', 'action': 'invocation', 'label': 'end', 'context': [<snowplow_tracker.self_describing_json.SelfDescribingJson object at 0x100ac4290>, <snowplow_tracker.self_describing_json.SelfDescribingJson object at 0x104c6fa50>, <snowplow_tracker.self_describing_json.SelfDescribingJson object at 0x104c6fd90>]}
[0m13:09:48.583365 [debug] [MainThread]: Flushing usage events
[0m13:09:48.822719 [debug] [MainThread]: An error was encountered while trying to flush usage events
